<?xml version="1.0" encoding="UTF-8"?>
<!-- Generated by org.testng.reporters.JUnitReportReporter -->
<testsuite hostname="DESKTOP-U4BG2GH" failures="0" tests="3" name="TestNGClass.FirstLogin" time="0.029" errors="0" timestamp="2024-06-30T11:24:19 IST" skipped="0">
  <testcase classname="TestNGClass.FirstLogin" name="Openapp" time="0.018"/>
  <system-out/>
  <testcase classname="TestNGClass.FirstLogin" name="Login" time="0.007"/>
  <system-out/>
  <testcase classname="TestNGClass.FirstLogin" name="Logout" time="0.004"/>
  <system-out/>
</testsuite> <!-- TestNGClass.FirstLogin -->
