<?xml version="1.0" encoding="UTF-8"?>
<!-- Generated by org.testng.reporters.JUnitReportReporter -->
<testsuite hostname="DESKTOP-U4BG2GH" failures="0" tests="4" name="TestNGClass.LoginPage" time="16.491" errors="0" timestamp="2024-07-02T21:31:18 IST" skipped="0">
  <testcase classname="TestNGClass.LoginPage" name="Openapp" time="13.857"/>
  <system-out/>
  <testcase classname="TestNGClass.LoginPage" name="testlogo" time="0.737"/>
  <system-out/>
  <testcase classname="TestNGClass.LoginPage" name="testlogin" time="1.895"/>
  <system-out/>
  <testcase classname="TestNGClass.LoginPage" name="logout" time="0.002"/>
  <system-out/>
</testsuite> <!-- TestNGClass.LoginPage -->
