<?xml version="1.0" encoding="UTF-8"?>
<!-- Generated by org.testng.reporters.JUnitReportReporter -->
<testsuite hostname="DESKTOP-U4BG2GH" failures="0" tests="3" name="DependencyMethod.LoginTest" time="0.029" errors="0" timestamp="2024-07-15T20:46:34 IST" skipped="0">
  <testcase classname="DependencyMethod.LoginTest" name="LoginByemail" time="0.018"/>
  <system-out/>
  <testcase classname="DependencyMethod.LoginTest" name="LoginByMobilenumber" time="0.004"/>
  <system-out/>
  <testcase classname="DependencyMethod.LoginTest" name="LoginByFaceBook" time="0.007"/>
  <system-out/>
</testsuite> <!-- DependencyMethod.LoginTest -->
