<?xml version="1.0" encoding="UTF-8"?>
<!-- Generated by org.testng.reporters.JUnitReportReporter -->
<testsuite hostname="DESKTOP-U4BG2GH" failures="0" tests="3" name="DependencyMethod.SignUpTest" time="0.051" errors="0" timestamp="2024-07-15T20:44:00 IST" skipped="0">
  <testcase classname="DependencyMethod.SignUpTest" name="SignupByemail" time="0.016"/>
  <system-out/>
  <testcase classname="DependencyMethod.SignUpTest" name="SignupByMobileNumber" time="0.019"/>
  <system-out/>
  <testcase classname="DependencyMethod.SignUpTest" name="SignupByFaceBook" time="0.016"/>
  <system-out/>
</testsuite> <!-- DependencyMethod.SignUpTest -->
