<?xml version="1.0" encoding="UTF-8"?>
<!-- Generated by org.testng.reporters.JUnitReportReporter -->
<testsuite hostname="DESKTOP-U4BG2GH" failures="0" tests="1" name="dataProvider.DataProviderClass" time="46.552" errors="0" timestamp="2024-07-28T10:43:40 IST" skipped="0">
  <testcase classname="dataProvider.DataProviderClass" name="Login" time="46.552"/>
  <system-out/>
</testsuite> <!-- dataProvider.DataProviderClass -->
