<?xml version="1.0" encoding="UTF-8"?>
<!-- Generated by org.testng.reporters.JUnitReportReporter -->
<testsuite hostname="DESKTOP-U4BG2GH" failures="0" tests="3" name="DependencyMethod.PaymentTest" time="0.025" errors="0" timestamp="2024-07-15T21:05:40 IST" skipped="0">
  <testcase classname="DependencyMethod.PaymentTest" name="PaymentByPhonepay" time="0.016"/>
  <system-out/>
  <testcase classname="DependencyMethod.PaymentTest" name="PaymentByGooglepay" time="0.006"/>
  <system-out/>
  <testcase classname="DependencyMethod.PaymentTest" name="PaymentBypaytm" time="0.003"/>
  <system-out/>
</testsuite> <!-- DependencyMethod.PaymentTest -->
