<?xml version="1.0" encoding="UTF-8"?>
<!-- Generated by org.testng.reporters.JUnitReportReporter -->
<testsuite hostname="DESKTOP-U4BG2GH" failures="0" tests="3" name="TestNGClass.FirstClass" time="0.004" errors="0" timestamp="2024-07-02T21:31:18 IST" skipped="0">
  <testcase classname="TestNGClass.FirstClass" name="Openapp" time="0.001"/>
  <system-out/>
  <testcase classname="TestNGClass.FirstClass" name="Login" time="0.002"/>
  <system-out/>
  <testcase classname="TestNGClass.FirstClass" name="Logout" time="0.001"/>
  <system-out/>
</testsuite> <!-- TestNGClass.FirstClass -->
