<?xml version="1.0" encoding="UTF-8"?>
<!-- Generated by org.testng.reporters.JUnitReportReporter -->
<testsuite hostname="DESKTOP-U4BG2GH" failures="0" tests="3" name="TestNGClass.TestNgClass1" time="0.023" errors="0" timestamp="2024-07-02T21:31:18 IST" skipped="0">
  <testcase classname="TestNGClass.TestNgClass1" name="testcase1" time="0.011"/>
  <system-out/>
  <testcase classname="TestNGClass.TestNgClass1" name="testcase3" time="0.002"/>
  <system-out/>
  <testcase classname="TestNGClass.TestNgClass1" name="testcase2" time="0.010"/>
  <system-out/>
</testsuite> <!-- TestNGClass.TestNgClass1 -->
